2018-05-28 13:50:22.270  INFO 1480 --- [restartedMain] com.project.ucamu.UcamuApplication       : Starting UcamuApplication on DESKTOP-7FV7SEQ with PID 1480 (C:\Users\story\ucamuProject\ucamu\out\production\classes started by story in C:\Users\story\ucamuProject\ucamu)
2018-05-28 13:50:22.272  INFO 1480 --- [restartedMain] com.project.ucamu.UcamuApplication       : No active profile set, falling back to default profiles: default
2018-05-28 13:50:22.698  INFO 1480 --- [restartedMain] ConfigServletWebServerApplicationContext : Refreshing org.springframework.boot.web.servlet.context.AnnotationConfigServletWebServerApplicationContext@5cb39313: startup date [Mon May 28 13:50:22 KST 2018]; root of context hierarchy
2018-05-28 13:50:24.432  INFO 1480 --- [restartedMain] f.a.AutowiredAnnotationBeanPostProcessor : JSR-330 'javax.inject.Inject' annotation found and supported for autowiring
2018-05-28 13:50:24.584  INFO 1480 --- [restartedMain] trationDelegate$BeanPostProcessorChecker : Bean 'org.springframework.transaction.annotation.ProxyTransactionManagementConfiguration' of type [org.springframework.transaction.annotation.ProxyTransactionManagementConfiguration$$EnhancerBySpringCGLIB$$71e2010f] is not eligible for getting processed by all BeanPostProcessors (for example: not eligible for auto-proxying)
2018-05-28 13:50:25.248  INFO 1480 --- [restartedMain] o.s.b.w.embedded.tomcat.TomcatWebServer  : Tomcat initialized with port(s): 8080 (http)
2018-05-28 13:50:25.283  INFO 1480 --- [restartedMain] o.apache.catalina.core.StandardService   : Starting service [Tomcat]
2018-05-28 13:50:25.284  INFO 1480 --- [restartedMain] org.apache.catalina.core.StandardEngine  : Starting Servlet Engine: Apache Tomcat/8.5.29
2018-05-28 13:50:25.291  INFO 1480 --- [localhost-startStop-1] o.a.catalina.core.AprLifecycleListener   : The APR based Apache Tomcat Native library which allows optimal performance in production environments was not found on the java.library.path: [C:\Java\jdk1.8.0_161\bin;C:\WINDOWS\Sun\Java\bin;C:\WINDOWS\system32;C:\WINDOWS;C:\ProgramData\Oracle\Java\javapath;C:\WINDOWS\system32;C:\WINDOWS;C:\WINDOWS\System32\Wbem;C:\WINDOWS\System32\WindowsPowerShell\v1.0;C:\Program Files\Git\cmd;C:\Java\jdk1.8.0_161\bin;C:\apache-maven-3.5.3\bin;C:\Program Files\MySQL\MySQL Utilities 1.6;C:\Program Files\MySQL\MySQL Server 5.7\bin;C:\gradle\gradle-4.7-all\gradle-4.7\bin;C:\WINDOWS\System32\WindowsPowerShell\v1.0\;C:\WINDOWS\System32\OpenSSH\;C:\Users\story\AppData\Local\Programs\Python\Python36\Scripts;C:\Users\story\AppData\Local\Programs\Python\Python36;C:\Users\story\AppData\Local\Microsoft\WindowsApps;C:\Program Files\Bandizip;C:\Users\story\AppData\Local\atom\bin;C:\Program Files\Docker Toolbox;C:\Users\story\AppData\Local\Microsoft\WindowsApps;;.]
2018-05-28 13:50:25.415  INFO 1480 --- [localhost-startStop-1] o.a.c.c.C.[Tomcat].[localhost].[/]       : Initializing Spring embedded WebApplicationContext
2018-05-28 13:50:25.416  INFO 1480 --- [localhost-startStop-1] o.s.web.context.ContextLoader            : Root WebApplicationContext: initialization completed in 2718 ms
2018-05-28 13:50:25.664  INFO 1480 --- [localhost-startStop-1] o.s.b.w.servlet.FilterRegistrationBean   : Mapping filter: 'characterEncodingFilter' to: [/*]
2018-05-28 13:50:25.665  INFO 1480 --- [localhost-startStop-1] o.s.b.w.servlet.FilterRegistrationBean   : Mapping filter: 'hiddenHttpMethodFilter' to: [/*]
2018-05-28 13:50:25.665  INFO 1480 --- [localhost-startStop-1] o.s.b.w.servlet.FilterRegistrationBean   : Mapping filter: 'httpPutFormContentFilter' to: [/*]
2018-05-28 13:50:25.665  INFO 1480 --- [localhost-startStop-1] o.s.b.w.servlet.FilterRegistrationBean   : Mapping filter: 'requestContextFilter' to: [/*]
2018-05-28 13:50:25.666  INFO 1480 --- [localhost-startStop-1] .s.DelegatingFilterProxyRegistrationBean : Mapping filter: 'springSecurityFilterChain' to: [/*]
2018-05-28 13:50:25.668  INFO 1480 --- [localhost-startStop-1] o.s.b.w.servlet.FilterRegistrationBean   : Mapping filter: 'resourceUrlEncodingFilter' to: [/*]
2018-05-28 13:50:25.668  INFO 1480 --- [localhost-startStop-1] o.s.b.w.servlet.ServletRegistrationBean  : Servlet dispatcherServlet mapped to [/]
2018-05-28 13:50:25.670  INFO 1480 --- [localhost-startStop-1] o.s.b.w.servlet.ServletRegistrationBean  : Servlet webServlet mapped to [/h2-console/*]
2018-05-28 13:50:25.738 ERROR 1480 --- [restartedMain] com.zaxxer.hikari.HikariConfig           : Failed to load driver class com.mysql.jdbc.Driver from HikariConfig class classloader sun.misc.Launcher$AppClassLoader@18b4aac2
2018-05-28 13:50:25.741  WARN 1480 --- [restartedMain] ConfigServletWebServerApplicationContext : Exception encountered during context initialization - cancelling refresh attempt: org.springframework.beans.factory.UnsatisfiedDependencyException: Error creating bean with name 'inMemoryDatabaseShutdownExecutor' defined in class path resource [org/springframework/boot/devtools/autoconfigure/DevToolsDataSourceAutoConfiguration.class]: Unsatisfied dependency expressed through method 'inMemoryDatabaseShutdownExecutor' parameter 0; nested exception is org.springframework.beans.factory.BeanCreationException: Error creating bean with name 'dataSource' defined in class path resource [org/springframework/boot/autoconfigure/jdbc/DataSourceConfiguration$Hikari.class]: Bean instantiation via factory method failed; nested exception is org.springframework.beans.BeanInstantiationException: Failed to instantiate [com.zaxxer.hikari.HikariDataSource]: Factory method 'dataSource' threw exception; nested exception is org.springframework.boot.context.properties.bind.BindException: Failed to bind properties under '' to com.zaxxer.hikari.HikariDataSource
2018-05-28 13:50:25.890  INFO 1480 --- [restartedMain] o.apache.catalina.core.StandardService   : Stopping service [Tomcat]
2018-05-28 13:50:25.932  INFO 1480 --- [restartedMain] ConditionEvaluationReportLoggingListener : 

Error starting ApplicationContext. To display the conditions report re-run your application with 'debug' enabled.
2018-05-28 13:50:25.950 ERROR 1480 --- [restartedMain] o.s.b.d.LoggingFailureAnalysisReporter   : 

***************************
APPLICATION FAILED TO START
***************************

Description:

Failed to bind properties under '' to com.zaxxer.hikari.HikariDataSource:

    Property: driverclassname
    Value: com.mysql.jdbc.Driver
    Origin: "driverClassName" from property source "source"
    Reason: Unable to set value for property driver-class-name

Action:

Update your application's configuration

2018-05-28 13:52:40.965  INFO 3788 --- [restartedMain] com.project.ucamu.UcamuApplication       : Starting UcamuApplication on DESKTOP-7FV7SEQ with PID 3788 (C:\Users\story\ucamuProject\ucamu\out\production\classes started by story in C:\Users\story\ucamuProject\ucamu)
2018-05-28 13:52:40.967  INFO 3788 --- [restartedMain] com.project.ucamu.UcamuApplication       : The following profiles are active: dev
2018-05-28 13:52:41.534  INFO 3788 --- [restartedMain] ConfigServletWebServerApplicationContext : Refreshing org.springframework.boot.web.servlet.context.AnnotationConfigServletWebServerApplicationContext@52fcc6cf: startup date [Mon May 28 13:52:41 KST 2018]; root of context hierarchy
2018-05-28 13:52:43.146  INFO 3788 --- [restartedMain] f.a.AutowiredAnnotationBeanPostProcessor : JSR-330 'javax.inject.Inject' annotation found and supported for autowiring
2018-05-28 13:52:43.301  INFO 3788 --- [restartedMain] trationDelegate$BeanPostProcessorChecker : Bean 'org.springframework.transaction.annotation.ProxyTransactionManagementConfiguration' of type [org.springframework.transaction.annotation.ProxyTransactionManagementConfiguration$$EnhancerBySpringCGLIB$$8c8c43af] is not eligible for getting processed by all BeanPostProcessors (for example: not eligible for auto-proxying)
2018-05-28 13:52:43.902  INFO 3788 --- [restartedMain] o.s.b.w.embedded.tomcat.TomcatWebServer  : Tomcat initialized with port(s): 8080 (http)
2018-05-28 13:52:43.943  INFO 3788 --- [restartedMain] o.apache.catalina.core.StandardService   : Starting service [Tomcat]
2018-05-28 13:52:43.944  INFO 3788 --- [restartedMain] org.apache.catalina.core.StandardEngine  : Starting Servlet Engine: Apache Tomcat/8.5.29
2018-05-28 13:52:43.953  INFO 3788 --- [localhost-startStop-1] o.a.catalina.core.AprLifecycleListener   : The APR based Apache Tomcat Native library which allows optimal performance in production environments was not found on the java.library.path: [C:\Java\jdk1.8.0_161\bin;C:\WINDOWS\Sun\Java\bin;C:\WINDOWS\system32;C:\WINDOWS;C:\ProgramData\Oracle\Java\javapath;C:\WINDOWS\system32;C:\WINDOWS;C:\WINDOWS\System32\Wbem;C:\WINDOWS\System32\WindowsPowerShell\v1.0;C:\Program Files\Git\cmd;C:\Java\jdk1.8.0_161\bin;C:\apache-maven-3.5.3\bin;C:\Program Files\MySQL\MySQL Utilities 1.6;C:\Program Files\MySQL\MySQL Server 5.7\bin;C:\gradle\gradle-4.7-all\gradle-4.7\bin;C:\WINDOWS\System32\WindowsPowerShell\v1.0\;C:\WINDOWS\System32\OpenSSH\;C:\Users\story\AppData\Local\Programs\Python\Python36\Scripts;C:\Users\story\AppData\Local\Programs\Python\Python36;C:\Users\story\AppData\Local\Microsoft\WindowsApps;C:\Program Files\Bandizip;C:\Users\story\AppData\Local\atom\bin;C:\Program Files\Docker Toolbox;C:\Users\story\AppData\Local\Microsoft\WindowsApps;;.]
2018-05-28 13:52:44.136  INFO 3788 --- [localhost-startStop-1] o.a.c.c.C.[Tomcat].[localhost].[/]       : Initializing Spring embedded WebApplicationContext
2018-05-28 13:52:44.136  INFO 3788 --- [localhost-startStop-1] o.s.web.context.ContextLoader            : Root WebApplicationContext: initialization completed in 2602 ms
2018-05-28 13:52:44.413  INFO 3788 --- [localhost-startStop-1] o.s.b.w.servlet.FilterRegistrationBean   : Mapping filter: 'characterEncodingFilter' to: [/*]
2018-05-28 13:52:44.414  INFO 3788 --- [localhost-startStop-1] o.s.b.w.servlet.FilterRegistrationBean   : Mapping filter: 'hiddenHttpMethodFilter' to: [/*]
2018-05-28 13:52:44.414  INFO 3788 --- [localhost-startStop-1] o.s.b.w.servlet.FilterRegistrationBean   : Mapping filter: 'httpPutFormContentFilter' to: [/*]
2018-05-28 13:52:44.415  INFO 3788 --- [localhost-startStop-1] o.s.b.w.servlet.FilterRegistrationBean   : Mapping filter: 'requestContextFilter' to: [/*]
2018-05-28 13:52:44.416  INFO 3788 --- [localhost-startStop-1] .s.DelegatingFilterProxyRegistrationBean : Mapping filter: 'springSecurityFilterChain' to: [/*]
2018-05-28 13:52:44.419  INFO 3788 --- [localhost-startStop-1] o.s.b.w.servlet.FilterRegistrationBean   : Mapping filter: 'resourceUrlEncodingFilter' to: [/*]
2018-05-28 13:52:44.420  INFO 3788 --- [localhost-startStop-1] o.s.b.w.servlet.ServletRegistrationBean  : Servlet dispatcherServlet mapped to [/]
2018-05-28 13:52:44.423  INFO 3788 --- [localhost-startStop-1] o.s.b.w.servlet.ServletRegistrationBean  : Servlet webServlet mapped to [/h2-console/*]
2018-05-28 13:52:44.775  INFO 3788 --- [restartedMain] com.zaxxer.hikari.HikariDataSource       : HikariPool-1 - Starting...
2018-05-28 13:52:44.926  INFO 3788 --- [restartedMain] com.zaxxer.hikari.HikariDataSource       : HikariPool-1 - Start completed.
2018-05-28 13:52:44.983  INFO 3788 --- [restartedMain] j.LocalContainerEntityManagerFactoryBean : Building JPA container EntityManagerFactory for persistence unit 'default'
2018-05-28 13:52:45.002  INFO 3788 --- [restartedMain] o.hibernate.jpa.internal.util.LogHelper  : HHH000204: Processing PersistenceUnitInfo [
	name: default
	...]
2018-05-28 13:52:45.104  INFO 3788 --- [restartedMain] org.hibernate.Version                    : HHH000412: Hibernate Core {5.2.16.Final}
2018-05-28 13:52:45.107  INFO 3788 --- [restartedMain] org.hibernate.cfg.Environment            : HHH000206: hibernate.properties not found
2018-05-28 13:52:45.160  INFO 3788 --- [restartedMain] o.hibernate.annotations.common.Version   : HCANN000001: Hibernate Commons Annotations {5.0.1.Final}
2018-05-28 13:52:45.331  INFO 3788 --- [restartedMain] org.hibernate.dialect.Dialect            : HHH000400: Using dialect: org.hibernate.dialect.H2Dialect
2018-05-28 13:52:45.692  INFO 3788 --- [restartedMain] o.h.t.schema.internal.SchemaCreatorImpl  : HHH000476: Executing import script 'org.hibernate.tool.schema.internal.exec.ScriptSourceInputNonExistentImpl@219ae764'
2018-05-28 13:52:45.701  INFO 3788 --- [restartedMain] j.LocalContainerEntityManagerFactoryBean : Initialized JPA EntityManagerFactory for persistence unit 'default'
2018-05-28 13:52:45.997  INFO 3788 --- [restartedMain] o.s.w.s.handler.SimpleUrlHandlerMapping  : Mapped URL path [/**/favicon.ico] onto handler of type [class org.springframework.web.servlet.resource.ResourceHttpRequestHandler]
2018-05-28 13:52:46.391  INFO 3788 --- [restartedMain] s.w.s.m.m.a.RequestMappingHandlerAdapter : Looking for @ControllerAdvice: org.springframework.boot.web.servlet.context.AnnotationConfigServletWebServerApplicationContext@52fcc6cf: startup date [Mon May 28 13:52:41 KST 2018]; root of context hierarchy
2018-05-28 13:52:46.432  WARN 3788 --- [restartedMain] aWebConfiguration$JpaWebMvcConfiguration : spring.jpa.open-in-view is enabled by default. Therefore, database queries may be performed during view rendering. Explicitly configure spring.jpa.open-in-view to disable this warning
2018-05-28 13:52:46.497  INFO 3788 --- [restartedMain] s.w.s.m.m.a.RequestMappingHandlerMapping : Mapped "{[/error]}" onto public org.springframework.http.ResponseEntity<java.util.Map<java.lang.String, java.lang.Object>> org.springframework.boot.autoconfigure.web.servlet.error.BasicErrorController.error(javax.servlet.http.HttpServletRequest)
2018-05-28 13:52:46.499  INFO 3788 --- [restartedMain] s.w.s.m.m.a.RequestMappingHandlerMapping : Mapped "{[/error],produces=[text/html]}" onto public org.springframework.web.servlet.ModelAndView org.springframework.boot.autoconfigure.web.servlet.error.BasicErrorController.errorHtml(javax.servlet.http.HttpServletRequest,javax.servlet.http.HttpServletResponse)
2018-05-28 13:52:46.567  INFO 3788 --- [restartedMain] o.s.w.s.handler.SimpleUrlHandlerMapping  : Mapped URL path [/webjars/**] onto handler of type [class org.springframework.web.servlet.resource.ResourceHttpRequestHandler]
2018-05-28 13:52:46.567  INFO 3788 --- [restartedMain] o.s.w.s.handler.SimpleUrlHandlerMapping  : Mapped URL path [/**] onto handler of type [class org.springframework.web.servlet.resource.ResourceHttpRequestHandler]
2018-05-28 13:52:46.732  WARN 3788 --- [restartedMain] ion$DefaultTemplateResolverConfiguration : Cannot find template location: classpath:/templates/ (please add some templates or check your Thymeleaf configuration)
2018-05-28 13:52:47.466  INFO 3788 --- [restartedMain] .s.s.UserDetailsServiceAutoConfiguration : 

Using generated security password: 9fe04a25-0471-4e79-bb5b-14588f78bf0d

2018-05-28 13:52:47.707  INFO 3788 --- [restartedMain] o.s.s.web.DefaultSecurityFilterChain     : Creating filter chain: org.springframework.security.web.util.matcher.AnyRequestMatcher@1, [org.springframework.security.web.context.request.async.WebAsyncManagerIntegrationFilter@4d02754f, org.springframework.security.web.context.SecurityContextPersistenceFilter@35772c55, org.springframework.security.web.header.HeaderWriterFilter@427c44db, org.springframework.security.web.csrf.CsrfFilter@7b4ef5e1, org.springframework.security.web.authentication.logout.LogoutFilter@276ebaeb, org.springframework.security.web.authentication.UsernamePasswordAuthenticationFilter@428290a8, org.springframework.security.web.authentication.ui.DefaultLoginPageGeneratingFilter@4c6101e2, org.springframework.security.web.authentication.www.BasicAuthenticationFilter@39086012, org.springframework.security.web.savedrequest.RequestCacheAwareFilter@7fcde6c5, org.springframework.security.web.servletapi.SecurityContextHolderAwareRequestFilter@1187ad78, org.springframework.security.web.authentication.AnonymousAuthenticationFilter@3e19adf3, org.springframework.security.web.session.SessionManagementFilter@415c324e, org.springframework.security.web.access.ExceptionTranslationFilter@7c2f8bb2, org.springframework.security.web.access.intercept.FilterSecurityInterceptor@69e331db]
2018-05-28 13:52:47.933  INFO 3788 --- [restartedMain] o.s.b.d.a.OptionalLiveReloadServer       : LiveReload server is running on port 35729
2018-05-28 13:52:48.011  INFO 3788 --- [restartedMain] o.s.j.e.a.AnnotationMBeanExporter        : Registering beans for JMX exposure on startup
2018-05-28 13:52:48.013  INFO 3788 --- [restartedMain] o.s.j.e.a.AnnotationMBeanExporter        : Bean with name 'dataSource' has been autodetected for JMX exposure
2018-05-28 13:52:48.023  INFO 3788 --- [restartedMain] o.s.j.e.a.AnnotationMBeanExporter        : Located MBean 'dataSource': registering with JMX server as MBean [com.zaxxer.hikari:name=dataSource,type=HikariDataSource]
2018-05-28 13:52:48.089  INFO 3788 --- [restartedMain] o.s.b.w.embedded.tomcat.TomcatWebServer  : Tomcat started on port(s): 8080 (http) with context path ''
2018-05-28 13:52:48.095  INFO 3788 --- [restartedMain] com.project.ucamu.UcamuApplication       : Started UcamuApplication in 8.025 seconds (JVM running for 9.698)
2018-05-28 13:52:55.453  INFO 3788 --- [http-nio-8080-exec-1] o.a.c.c.C.[Tomcat].[localhost].[/]       : Initializing Spring FrameworkServlet 'dispatcherServlet'
2018-05-28 13:52:55.454  INFO 3788 --- [http-nio-8080-exec-1] o.s.web.servlet.DispatcherServlet        : FrameworkServlet 'dispatcherServlet': initialization started
2018-05-28 13:52:55.477  INFO 3788 --- [http-nio-8080-exec-1] o.s.web.servlet.DispatcherServlet        : FrameworkServlet 'dispatcherServlet': initialization completed in 23 ms
